<?xml version="1.0" encoding="UTF-8"?>
<!-- Generated by org.testng.reporters.JUnitReportReporter -->
<testsuite skipped="0" hostname="RSI1506" name="br.com.rsinet.hub_tdd.Test.CenarioBuscaProdutoPorBarraDePesquisa" tests="2" failures="0" timestamp="2020-01-27T15:20:15 BRT" time="23.081" errors="0">
  <testcase name="naoDeveMostrarProdutoInexistente" time="11.265" classname="br.com.rsinet.hub_tdd.Test.CenarioBuscaProdutoPorBarraDePesquisa"/>
  <system-out>
Aplicação Web iniciada |  Sem resultados de pesquisa |  Aplicação Web finalizada  </system-out>
  <testcase name="deveMostrarProdutoExistente" time="11.816" classname="br.com.rsinet.hub_tdd.Test.CenarioBuscaProdutoPorBarraDePesquisa"/>
  <system-out>
Aplicação Web iniciada |  Produto pesquisado aparece com sucesso |  Aplicação Web finalizada  </system-out>
</testsuite> <!-- br.com.rsinet.hub_tdd.Test.CenarioBuscaProdutoPorBarraDePesquisa -->
