<?xml version="1.0" encoding="UTF-8"?>
<!-- Generated by org.testng.reporters.JUnitReportReporter -->
<testsuite skipped="0" hostname="RSI1506" name="br.com.rsinet.hub_tdd.Test.CenarioCadastroTest" tests="3" failures="0" timestamp="2020-01-15T13:54:54 BRT" time="57.170" errors="0">
  <testcase name="deveCadastrarNovoUsuario" time="24.338" classname="br.com.rsinet.hub_tdd.Test.CenarioCadastroTest"/>
  <system-out>
Aplicação Web inicializada |  Formulário de cadastro preenchido |  Cadastro validado e concluido com sucesso |  Aplicação Web Finalizada  </system-out>
  <testcase name="deveLogarUsuarioExistente" time="13.687" classname="br.com.rsinet.hub_tdd.Test.CenarioCadastroTest"/>
  <system-out>
Aplicação Web iniciada |  Login realizado com sucesso |  Aplicação web e navegador fechados  </system-out>
  <testcase name="naoDeveCadastrarUsuarioExistente" time="19.145" classname="br.com.rsinet.hub_tdd.Test.CenarioCadastroTest"/>
  <system-out>
Aplicação Web inicializada |  Formulário de cadastro preenchido |  Cadastro invalidado e não sucedido |  Aplicação Web Finalizada  </system-out>
</testsuite> <!-- br.com.rsinet.hub_tdd.Test.CenarioCadastroTest -->
