<?xml version="1.0" encoding="UTF-8"?>
<!-- Generated by org.testng.reporters.JUnitReportReporter -->
<testsuite skipped="0" hostname="RSI1506" name="br.com.rsinet.hub_tdd.Test.CadastroTest" tests="3" failures="0" timestamp="2020-01-14T13:25:22 BRT" time="43.328" errors="0">
  <testcase name="deveCadastrarNovoUsuario" time="15.457" classname="br.com.rsinet.hub_tdd.Test.CadastroTest"/>
  <system-out/>
  <testcase name="deveLogarUsuarioExistente" time="12.634" classname="br.com.rsinet.hub_tdd.Test.CadastroTest"/>
  <system-out/>
  <testcase name="naoDeveCadastrarUsuarioExistente" time="15.237" classname="br.com.rsinet.hub_tdd.Test.CadastroTest"/>
  <system-out/>
</testsuite> <!-- br.com.rsinet.hub_tdd.Test.CadastroTest -->
