<?xml version="1.0" encoding="UTF-8"?>
<!-- Generated by org.testng.reporters.JUnitReportReporter -->
<testsuite skipped="0" hostname="RSI1506" name="br.com.rsinet.hub_tdd.Test.CenarioBuscaProdutoPorBarraDePesquisa" tests="2" failures="0" timestamp="2020-01-28T13:36:55 BRT" time="27.324" errors="0">
  <testcase name="naoDeveMostrarProdutoInexistente" time="13.063" classname="br.com.rsinet.hub_tdd.Test.CenarioBuscaProdutoPorBarraDePesquisa"/>
  <system-out>
Aplicação Web iniciada |  Sem resultados de pesquisa |  Aplicação Web finalizada  </system-out>
  <testcase name="deveMostrarProdutoExistente" time="14.261" classname="br.com.rsinet.hub_tdd.Test.CenarioBuscaProdutoPorBarraDePesquisa"/>
  <system-out>
Aplicação Web iniciada |  Produto pesquisado aparece com sucesso |  Aplicação Web finalizada  </system-out>
</testsuite> <!-- br.com.rsinet.hub_tdd.Test.CenarioBuscaProdutoPorBarraDePesquisa -->
