<?xml version="1.0" encoding="UTF-8"?>
<!-- Generated by org.testng.reporters.JUnitReportReporter -->
<testsuite skipped="0" hostname="RSI1506" name="br.com.rsinet.hub_tdd.Test.CenarioCadastroTest" tests="3" failures="0" timestamp="2020-01-28T13:36:55 BRT" time="59.315" errors="0">
  <testcase name="deveCadastrarNovoUsuario" time="21.834" classname="br.com.rsinet.hub_tdd.Test.CenarioCadastroTest"/>
  <system-out>
Aplicação Web inicializada |  Cadastro realizado com sucesso |  Aplicação Web encerrada  </system-out>
  <testcase name="deveLogarUsuarioExistente" time="14.988" classname="br.com.rsinet.hub_tdd.Test.CenarioCadastroTest"/>
  <system-out>
Aplicação Web inicializada |  Login realizado com sucesso |  Aplicação Web encerrada  </system-out>
  <testcase name="naoDeveCadastrarUsuarioExistente" time="22.493" classname="br.com.rsinet.hub_tdd.Test.CenarioCadastroTest"/>
  <system-out>
Aplicação Web inicializada |  Cadastro não realizado (usuario já existente) |  Aplicação Web encerrada  </system-out>
</testsuite> <!-- br.com.rsinet.hub_tdd.Test.CenarioCadastroTest -->
