<?xml version="1.0" encoding="UTF-8"?>
<!-- Generated by org.testng.reporters.JUnitReportReporter -->
<testsuite skipped="0" hostname="RSI1506" name="br.com.rsinet.hub_tdd.Test.CenarioCadastroTest" tests="3" failures="0" timestamp="2020-01-27T15:20:15 BRT" time="47.631" errors="0">
  <testcase name="deveCadastrarNovoUsuario" time="17.463" classname="br.com.rsinet.hub_tdd.Test.CenarioCadastroTest"/>
  <system-out>
Aplicação Web inicializada |  Cadastro realizado com sucesso |  Aplicação Web encerrada  </system-out>
  <testcase name="deveLogarUsuarioExistente" time="12.853" classname="br.com.rsinet.hub_tdd.Test.CenarioCadastroTest"/>
  <system-out>
Aplicação Web inicializada |  Login realizado com sucesso |  Aplicação Web encerrada  </system-out>
  <testcase name="naoDeveCadastrarUsuarioExistente" time="17.315" classname="br.com.rsinet.hub_tdd.Test.CenarioCadastroTest"/>
  <system-out>
Aplicação Web inicializada |  Cadastro não realizado (usuario já existente) |  Aplicação Web encerrada  </system-out>
</testsuite> <!-- br.com.rsinet.hub_tdd.Test.CenarioCadastroTest -->
