<?xml version="1.0" encoding="UTF-8"?>
<!-- Generated by org.testng.reporters.JUnitReportReporter -->
<testsuite skipped="0" hostname="RSI1506" name="br.com.rsinet.hub_tdd.Test.TestRunner" tests="3" failures="0" timestamp="2020-01-15T16:26:09 BRT" time="42.535" errors="0">
  <testcase name="deveCadastrarNovoUsuario" time="15.755" classname="br.com.rsinet.hub_tdd.Test.TestRunner"/>
  <system-out>
Aplicação Web inicializada |  Formulário de cadastro preenchido |  Cadastro validado e concluido com sucesso |  Aplicação Web Finalizada  </system-out>
  <testcase name="deveLogarUsuarioExistente" time="12.581" classname="br.com.rsinet.hub_tdd.Test.TestRunner"/>
  <system-out>
Aplicação Web iniciada |  Login realizado com sucesso |  Aplicação web e navegador fechados  </system-out>
  <testcase name="naoDeveCadastrarUsuarioExistente" time="14.199" classname="br.com.rsinet.hub_tdd.Test.TestRunner"/>
  <system-out>
Aplicação Web inicializada |  Formulário de cadastro preenchido |  Cadastro invalidado e não sucedido |  Aplicação Web Finalizada  </system-out>
</testsuite> <!-- br.com.rsinet.hub_tdd.Test.TestRunner -->
