<?xml version="1.0" encoding="UTF-8"?>
<!-- Generated by org.testng.reporters.JUnitReportReporter -->
<testsuite skipped="0" hostname="RSI1506" name="br.com.rsinet.hub_tdd.Test.CenarioBuscaProdutoPorBarraDePesquisa" tests="2" failures="0" timestamp="2020-01-27T11:48:13 BRT" time="27.768" errors="0">
  <testcase name="naoDeveMostrarProdutoInexistente" time="13.948" classname="br.com.rsinet.hub_tdd.Test.CenarioBuscaProdutoPorBarraDePesquisa"/>
  <system-out>
Aplicação Web iniciada |  Sem resultados de pesquisa |  Aplicação Web finalizada  </system-out>
  <testcase name="deveMostrarProdutoExistente" time="13.820" classname="br.com.rsinet.hub_tdd.Test.CenarioBuscaProdutoPorBarraDePesquisa"/>
  <system-out>
Aplicação Web iniciada |  Produto pesquisado aparece com sucesso |  Aplicação Web finalizada  </system-out>
</testsuite> <!-- br.com.rsinet.hub_tdd.Test.CenarioBuscaProdutoPorBarraDePesquisa -->
