<?xml version="1.0" encoding="UTF-8"?>
<!-- Generated by org.testng.reporters.JUnitReportReporter -->
<testsuite skipped="0" hostname="RSI1506" name="br.com.rsinet.hub_tdd.Test.CenarioBuscaProdutoPelaTela" tests="2" failures="0" timestamp="2020-01-27T15:20:15 BRT" time="22.695" errors="0">
  <testcase name="deveEncontrarProdutoRespectivoAoExibido" time="11.375" classname="br.com.rsinet.hub_tdd.Test.CenarioBuscaProdutoPelaTela"/>
  <system-out/>
  <testcase name="naoDeveEncontrarProdutoRespectivoAoExibido" time="11.320" classname="br.com.rsinet.hub_tdd.Test.CenarioBuscaProdutoPelaTela"/>
  <system-out/>
</testsuite> <!-- br.com.rsinet.hub_tdd.Test.CenarioBuscaProdutoPelaTela -->
