<?xml version="1.0" encoding="UTF-8"?>
<!-- Generated by org.testng.reporters.JUnitReportReporter -->
<testsuite skipped="0" hostname="RSI1506" name="br.com.rsinet.hub_tdd.Test.CenarioCadastroTest" tests="3" failures="0" timestamp="2020-01-27T16:13:33 BRT" time="48.135" errors="0">
  <testcase name="deveCadastrarNovoUsuario" time="17.532" classname="br.com.rsinet.hub_tdd.Test.CenarioCadastroTest"/>
  <system-out>
Aplicação Web inicializada |  Cadastro realizado com sucesso |  Aplicação Web encerrada  </system-out>
  <testcase name="deveLogarUsuarioExistente" time="12.686" classname="br.com.rsinet.hub_tdd.Test.CenarioCadastroTest"/>
  <system-out>
Aplicação Web inicializada |  Login realizado com sucesso |  Aplicação Web encerrada  </system-out>
  <testcase name="naoDeveCadastrarUsuarioExistente" time="17.917" classname="br.com.rsinet.hub_tdd.Test.CenarioCadastroTest"/>
  <system-out>
Aplicação Web inicializada |  Cadastro não realizado (usuario já existente) |  Aplicação Web encerrada  </system-out>
</testsuite> <!-- br.com.rsinet.hub_tdd.Test.CenarioCadastroTest -->
