<?xml version="1.0" encoding="UTF-8"?>
<!-- Generated by org.testng.reporters.JUnitReportReporter -->
<testsuite skipped="0" hostname="RSI1506" name="br.com.rsinet.hub_tdd.Framework.Module_TC" tests="1" failures="0" timestamp="2020-01-13T12:38:40 BRT" time="13.894" errors="0">
  <testcase name="deveCadastrarNovoUsuario" time="13.894" classname="br.com.rsinet.hub_tdd.Framework.Module_TC"/>
  <system-out/>
</testsuite> <!-- br.com.rsinet.hub_tdd.Framework.Module_TC -->
